# JRE version: Java(TM) SE Runtime Environment (7.0_80-b15) (build 1.7.0_80-b15)
# Java VM: Java HotSpot(TM) 64-Bit Server VM (24.80-b11 mixed mode windows-amd64 compressed oops)
Heap
 PSYoungGen      total 70656K, used 15873K [0x00000007d6480000, 0x00000007dae80000, 0x0000000800000000)
  eden space 65536K, 16% used [0x00000007d6480000,0x00000007d6f00d18,0x00000007da480000)
  from space 5120K, 99% used [0x00000007da980000,0x00000007dae7f920,0x00000007dae80000)
  to   space 5120K, 0% used [0x00000007da480000,0x00000007da480000,0x00000007da980000)
 ParOldGen       total 84992K, used 5877K [0x0000000782e00000, 0x0000000788100000, 0x00000007d6480000)
  object space 84992K, 6% used [0x0000000782e00000,0x00000007833bd5e0,0x0000000788100000)
 PSPermGen       total 21504K, used 17361K [0x000000077dc00000, 0x000000077f100000, 0x0000000782e00000)
  object space 21504K, 80% used [0x000000077dc00000,0x000000077ecf4620,0x000000077f100000)
GC Heap History (4 events):
Event: 0.975 GC heap before
{Heap before GC invocations=1 (full 0):
 PSYoungGen      total 37888K, used 32768K [0x00000007d6480000, 0x00000007d8e80000, 0x0000000800000000)
  eden space 32768K, 100% used [0x00000007d6480000,0x00000007d8480000,0x00000007d8480000)
  from space 5120K, 0% used [0x00000007d8980000,0x00000007d8980000,0x00000007d8e80000)
  to   space 5120K, 0% used [0x00000007d8480000,0x00000007d8480000,0x00000007d8980000)
 ParOldGen       total 84992K, used 0K [0x0000000782e00000, 0x0000000788100000, 0x00000007d6480000)
  object space 84992K, 0% used [0x0000000782e00000,0x0000000782e00000,0x0000000788100000)
 PSPermGen       total 21504K, used 10119K [0x000000077dc00000, 0x000000077f100000, 0x0000000782e00000)
  object space 21504K, 47% used [0x000000077dc00000,0x000000077e5e1e78,0x000000077f100000)
Event: 0.990 GC heap after
Heap after GC invocations=1 (full 0):
 PSYoungGen      total 37888K, used 5112K [0x00000007d6480000, 0x00000007dae80000, 0x0000000800000000)
  eden space 32768K, 0% used [0x00000007d6480000,0x00000007d6480000,0x00000007d8480000)
  from space 5120K, 99% used [0x00000007d8480000,0x00000007d897e160,0x00000007d8980000)
  to   space 5120K, 0% used [0x00000007da980000,0x00000007da980000,0x00000007dae80000)
 ParOldGen       total 84992K, used 1434K [0x0000000782e00000, 0x0000000788100000, 0x00000007d6480000)
  object space 84992K, 1% used [0x0000000782e00000,0x0000000782f66930,0x0000000788100000)
 PSPermGen       total 21504K, used 10119K [0x000000077dc00000, 0x000000077f100000, 0x0000000782e00000)
  object space 21504K, 47% used [0x000000077dc00000,0x000000077e5e1e78,0x000000077f100000)
}
Event: 2.618 GC heap before
{Heap before GC invocations=2 (full 0):
 PSYoungGen      total 37888K, used 37880K [0x00000007d6480000, 0x00000007dae80000, 0x0000000800000000)
  eden space 32768K, 100% used [0x00000007d6480000,0x00000007d8480000,0x00000007d8480000)
  from space 5120K, 99% used [0x00000007d8480000,0x00000007d897e160,0x00000007d8980000)
  to   space 5120K, 0% used [0x00000007da980000,0x00000007da980000,0x00000007dae80000)
 ParOldGen       total 84992K, used 1434K [0x0000000782e00000, 0x0000000788100000, 0x00000007d6480000)
  object space 84992K, 1% used [0x0000000782e00000,0x0000000782f66930,0x0000000788100000)
 PSPermGen       total 21504K, used 16061K [0x000000077dc00000, 0x000000077f100000, 0x0000000782e00000)
  object space 21504K, 74% used [0x000000077dc00000,0x000000077ebaf448,0x000000077f100000)
Event: 2.632 GC heap after
Heap after GC invocations=2 (full 0):
 PSYoungGen      total 70656K, used 5118K [0x00000007d6480000, 0x00000007dae80000, 0x0000000800000000)
  eden space 65536K, 0% used [0x00000007d6480000,0x00000007d6480000,0x00000007da480000)
  from space 5120K, 99% used [0x00000007da980000,0x00000007dae7f920,0x00000007dae80000)
  to   space 5120K, 0% used [0x00000007da480000,0x00000007da480000,0x00000007da980000)
 ParOldGen       total 84992K, used 5877K [0x0000000782e00000, 0x0000000788100000, 0x00000007d6480000)
  object space 84992K, 6% used [0x0000000782e00000,0x00000007833bd5e0,0x0000000788100000)
 PSPermGen       total 21504K, used 16061K [0x000000077dc00000, 0x000000077f100000, 0x0000000782e00000)
  object space 21504K, 74% used [0x000000077dc00000,0x000000077ebaf448,0x000000077f100000)
}

